[2025-08-19 15:07:28] local.ERROR: Call to undefined method App\Service\Api\UserService::rechargeList() {"exception":"[object] (Symfony\\Component\\Debug\\Exception\\FatalThrowableError(code: 0): Call to undefined method App\\Service\\Api\\UserService::rechargeList() at /www/wwwroot/pepe2.0/app/Http/Controllers/Api/UserController.php:119)
[stacktrace]
#0 /www/wwwroot/pepe2.0/vendor/laravel/framework/src/Illuminate/Routing/Controller.php(54): App\\Http\\Controllers\\Api\\UserController->rechargeList()
#1 /www/wwwroot/pepe2.0/vendor/laravel/framework/src/Illuminate/Routing/ControllerDispatcher.php(45): Illuminate\\Routing\\Controller->callAction()
#2 /www/wwwroot/pepe2.0/vendor/laravel/framework/src/Illuminate/Routing/Route.php(219): Illuminate\\Routing\\ControllerDispatcher->dispatch()
#3 /www/wwwroot/pepe2.0/vendor/laravel/framework/src/Illuminate/Routing/Route.php(176): Illuminate\\Routing\\Route->runController()
#4 /www/wwwroot/pepe2.0/vendor/laravel/framework/src/Illuminate/Routing/Router.php(681): Illuminate\\Routing\\Route->run()
#5 /www/wwwroot/pepe2.0/vendor/laravel/framework/src/Illuminate/Pipeline/Pipeline.php(130): Illuminate\\Routing\\Router->Illuminate\\Routing\\{closure}()
#6 /www/wwwroot/pepe2.0/app/Http/Middleware/SetLocale.php(18): Illuminate\\Pipeline\\Pipeline->Illuminate\\Pipeline\\{closure}()
#7 /www/wwwroot/pepe2.0/vendor/laravel/framework/src/Illuminate/Pipeline/Pipeline.php(171): App\\Http\\Middleware\\SetLocale->handle()
#8 /www/wwwroot/pepe2.0/vendor/laravel/framework/src/Illuminate/Routing/Middleware/ThrottleRequests.php(59): Illuminate\\Pipeline\\Pipeline->Illuminate\\Pipeline\\{closure}()
#9 /www/wwwroot/pepe2.0/vendor/laravel/framework/src/Illuminate/Pipeline/Pipeline.php(171): Illuminate\\Routing\\Middleware\\ThrottleRequests->handle()
#10 /www/wwwroot/pepe2.0/vendor/laravel/framework/src/Illuminate/Session/Middleware/StartSession.php(56): Illuminate\\Pipeline\\Pipeline->Illuminate\\Pipeline\\{closure}()
#11 /www/wwwroot/pepe2.0/vendor/laravel/framework/src/Illuminate/Pipeline/Pipeline.php(171): Illuminate\\Session\\Middleware\\StartSession->handle()
#12 /www/wwwroot/pepe2.0/vendor/laravel/framework/src/Illuminate/Pipeline/Pipeline.php(105): Illuminate\\Pipeline\\Pipeline->Illuminate\\Pipeline\\{closure}()
#13 /www/wwwroot/pepe2.0/vendor/laravel/framework/src/Illuminate/Routing/Router.php(683): Illuminate\\Pipeline\\Pipeline->then()
#14 /www/wwwroot/pepe2.0/vendor/laravel/framework/src/Illuminate/Routing/Router.php(658): Illuminate\\Routing\\Router->runRouteWithinStack()
#15 /www/wwwroot/pepe2.0/vendor/laravel/framework/src/Illuminate/Routing/Router.php(624): Illuminate\\Routing\\Router->runRoute()
#16 /www/wwwroot/pepe2.0/vendor/laravel/framework/src/Illuminate/Routing/Router.php(613): Illuminate\\Routing\\Router->dispatchToRoute()
#17 /www/wwwroot/pepe2.0/vendor/laravel/framework/src/Illuminate/Foundation/Http/Kernel.php(170): Illuminate\\Routing\\Router->dispatch()
#18 /www/wwwroot/pepe2.0/vendor/laravel/framework/src/Illuminate/Pipeline/Pipeline.php(130): Illuminate\\Foundation\\Http\\Kernel->Illuminate\\Foundation\\Http\\{closure}()
#19 /www/wwwroot/pepe2.0/vendor/fruitcake/laravel-cors/src/HandleCors.php(52): Illuminate\\Pipeline\\Pipeline->Illuminate\\Pipeline\\{closure}()
#20 /www/wwwroot/pepe2.0/vendor/laravel/framework/src/Illuminate/Pipeline/Pipeline.php(171): Fruitcake\\Cors\\HandleCors->handle()
#21 /www/wwwroot/pepe2.0/vendor/laravel/framework/src/Illuminate/Foundation/Http/Middleware/TransformsRequest.php(21): Illuminate\\Pipeline\\Pipeline->Illuminate\\Pipeline\\{closure}()
#22 /www/wwwroot/pepe2.0/vendor/laravel/framework/src/Illuminate/Pipeline/Pipeline.php(171): Illuminate\\Foundation\\Http\\Middleware\\TransformsRequest->handle()
#23 /www/wwwroot/pepe2.0/vendor/laravel/framework/src/Illuminate/Foundation/Http/Middleware/TransformsRequest.php(21): Illuminate\\Pipeline\\Pipeline->Illuminate\\Pipeline\\{closure}()
#24 /www/wwwroot/pepe2.0/vendor/laravel/framework/src/Illuminate/Pipeline/Pipeline.php(171): Illuminate\\Foundation\\Http\\Middleware\\TransformsRequest->handle()
#25 /www/wwwroot/pepe2.0/vendor/laravel/framework/src/Illuminate/Foundation/Http/Middleware/ValidatePostSize.php(27): Illuminate\\Pipeline\\Pipeline->Illuminate\\Pipeline\\{closure}()
#26 /www/wwwroot/pepe2.0/vendor/laravel/framework/src/Illuminate/Pipeline/Pipeline.php(171): Illuminate\\Foundation\\Http\\Middleware\\ValidatePostSize->handle()
#27 /www/wwwroot/pepe2.0/vendor/laravel/framework/src/Illuminate/Foundation/Http/Middleware/CheckForMaintenanceMode.php(63): Illuminate\\Pipeline\\Pipeline->Illuminate\\Pipeline\\{closure}()
#28 /www/wwwroot/pepe2.0/vendor/laravel/framework/src/Illuminate/Pipeline/Pipeline.php(171): Illuminate\\Foundation\\Http\\Middleware\\CheckForMaintenanceMode->handle()
#29 /www/wwwroot/pepe2.0/vendor/fideloper/proxy/src/TrustProxies.php(57): Illuminate\\Pipeline\\Pipeline->Illuminate\\Pipeline\\{closure}()
#30 /www/wwwroot/pepe2.0/vendor/laravel/framework/src/Illuminate/Pipeline/Pipeline.php(171): Fideloper\\Proxy\\TrustProxies->handle()
#31 /www/wwwroot/pepe2.0/vendor/laravel/framework/src/Illuminate/Pipeline/Pipeline.php(105): Illuminate\\Pipeline\\Pipeline->Illuminate\\Pipeline\\{closure}()
#32 /www/wwwroot/pepe2.0/vendor/laravel/framework/src/Illuminate/Foundation/Http/Kernel.php(145): Illuminate\\Pipeline\\Pipeline->then()
#33 /www/wwwroot/pepe2.0/vendor/laravel/framework/src/Illuminate/Foundation/Http/Kernel.php(110): Illuminate\\Foundation\\Http\\Kernel->sendRequestThroughRouter()
#34 /www/wwwroot/pepe2.0/public/index.php(55): Illuminate\\Foundation\\Http\\Kernel->handle()
#35 {main}
"} 
[2025-08-19 15:13:45] local.ERROR: Trying to access array offset on value of type null {"exception":"[object] (ErrorException(code: 0): Trying to access array offset on value of type null at /www/wwwroot/pepe2.0/app/Admin/Forms/PepeRechargeForm.php:62)
[stacktrace]
#0 /www/wwwroot/pepe2.0/app/Admin/Forms/PepeRechargeForm.php(62): Illuminate\\Foundation\\Bootstrap\\HandleExceptions->handleError()
#1 /www/wwwroot/pepe2.0/vendor/dcat/laravel-admin/src/Widgets/Form.php(832): App\\Admin\\Forms\\PepeRechargeForm->form()
#2 /www/wwwroot/pepe2.0/vendor/dcat/laravel-admin/src/Widgets/Form.php(861): Dcat\\Admin\\Widgets\\Form->prepareForm()
#3 /www/wwwroot/pepe2.0/vendor/dcat/laravel-admin/src/Http/Controllers/RenderableController.php(29): Dcat\\Admin\\Widgets\\Form->render()
#4 /www/wwwroot/pepe2.0/vendor/dcat/laravel-admin/src/Http/Controllers/RenderableController.php(22): Dcat\\Admin\\Http\\Controllers\\RenderableController->render()
#5 /www/wwwroot/pepe2.0/vendor/laravel/framework/src/Illuminate/Routing/ControllerDispatcher.php(48): Dcat\\Admin\\Http\\Controllers\\RenderableController->handle()
#6 /www/wwwroot/pepe2.0/vendor/laravel/framework/src/Illuminate/Routing/Route.php(219): Illuminate\\Routing\\ControllerDispatcher->dispatch()
#7 /www/wwwroot/pepe2.0/vendor/laravel/framework/src/Illuminate/Routing/Route.php(176): Illuminate\\Routing\\Route->runController()
#8 /www/wwwroot/pepe2.0/vendor/laravel/framework/src/Illuminate/Routing/Router.php(681): Illuminate\\Routing\\Route->run()
#9 /www/wwwroot/pepe2.0/vendor/laravel/framework/src/Illuminate/Pipeline/Pipeline.php(130): Illuminate\\Routing\\Router->Illuminate\\Routing\\{closure}()
#10 /www/wwwroot/pepe2.0/vendor/dcat/laravel-admin/src/Http/Middleware/WebUploader.php(22): Illuminate\\Pipeline\\Pipeline->Illuminate\\Pipeline\\{closure}()
#11 /www/wwwroot/pepe2.0/vendor/laravel/framework/src/Illuminate/Pipeline/Pipeline.php(171): Dcat\\Admin\\Http\\Middleware\\WebUploader->handle()
#12 /www/wwwroot/pepe2.0/vendor/dcat/laravel-admin/src/Http/Middleware/Session.php(12): Illuminate\\Pipeline\\Pipeline->Illuminate\\Pipeline\\{closure}()
#13 /www/wwwroot/pepe2.0/vendor/laravel/framework/src/Illuminate/Pipeline/Pipeline.php(171): Dcat\\Admin\\Http\\Middleware\\Session->handle()
#14 /www/wwwroot/pepe2.0/vendor/dcat/laravel-admin/src/Http/Middleware/Permission.php(39): Illuminate\\Pipeline\\Pipeline->Illuminate\\Pipeline\\{closure}()
#15 /www/wwwroot/pepe2.0/vendor/laravel/framework/src/Illuminate/Pipeline/Pipeline.php(171): Dcat\\Admin\\Http\\Middleware\\Permission->handle()
#16 /www/wwwroot/pepe2.0/vendor/dcat/laravel-admin/src/Http/Middleware/Bootstrap.php(19): Illuminate\\Pipeline\\Pipeline->Illuminate\\Pipeline\\{closure}()
#17 /www/wwwroot/pepe2.0/vendor/laravel/framework/src/Illuminate/Pipeline/Pipeline.php(171): Dcat\\Admin\\Http\\Middleware\\Bootstrap->handle()
#18 /www/wwwroot/pepe2.0/vendor/dcat/laravel-admin/src/Http/Middleware/Pjax.php(22): Illuminate\\Pipeline\\Pipeline->Illuminate\\Pipeline\\{closure}()
#19 /www/wwwroot/pepe2.0/vendor/laravel/framework/src/Illuminate/Pipeline/Pipeline.php(171): Dcat\\Admin\\Http\\Middleware\\Pjax->handle()
#20 /www/wwwroot/pepe2.0/vendor/dcat/laravel-admin/src/Http/Middleware/Authenticate.php(26): Illuminate\\Pipeline\\Pipeline->Illuminate\\Pipeline\\{closure}()
#21 /www/wwwroot/pepe2.0/vendor/laravel/framework/src/Illuminate/Pipeline/Pipeline.php(171): Dcat\\Admin\\Http\\Middleware\\Authenticate->handle()
#22 /www/wwwroot/pepe2.0/vendor/laravel/framework/src/Illuminate/Routing/Middleware/SubstituteBindings.php(41): Illuminate\\Pipeline\\Pipeline->Illuminate\\Pipeline\\{closure}()
#23 /www/wwwroot/pepe2.0/vendor/laravel/framework/src/Illuminate/Pipeline/Pipeline.php(171): Illuminate\\Routing\\Middleware\\SubstituteBindings->handle()
#24 /www/wwwroot/pepe2.0/vendor/laravel/framework/src/Illuminate/Foundation/Http/Middleware/VerifyCsrfToken.php(78): Illuminate\\Pipeline\\Pipeline->Illuminate\\Pipeline\\{closure}()
#25 /www/wwwroot/pepe2.0/vendor/laravel/framework/src/Illuminate/Pipeline/Pipeline.php(171): Illuminate\\Foundation\\Http\\Middleware\\VerifyCsrfToken->handle()
#26 /www/wwwroot/pepe2.0/vendor/laravel/framework/src/Illuminate/View/Middleware/ShareErrorsFromSession.php(49): Illuminate\\Pipeline\\Pipeline->Illuminate\\Pipeline\\{closure}()
#27 /www/wwwroot/pepe2.0/vendor/laravel/framework/src/Illuminate/Pipeline/Pipeline.php(171): Illuminate\\View\\Middleware\\ShareErrorsFromSession->handle()
#28 /www/wwwroot/pepe2.0/vendor/laravel/framework/src/Illuminate/Session/Middleware/StartSession.php(56): Illuminate\\Pipeline\\Pipeline->Illuminate\\Pipeline\\{closure}()
#29 /www/wwwroot/pepe2.0/vendor/laravel/framework/src/Illuminate/Pipeline/Pipeline.php(171): Illuminate\\Session\\Middleware\\StartSession->handle()
#30 /www/wwwroot/pepe2.0/vendor/laravel/framework/src/Illuminate/Cookie/Middleware/AddQueuedCookiesToResponse.php(37): Illuminate\\Pipeline\\Pipeline->Illuminate\\Pipeline\\{closure}()
#31 /www/wwwroot/pepe2.0/vendor/laravel/framework/src/Illuminate/Pipeline/Pipeline.php(171): Illuminate\\Cookie\\Middleware\\AddQueuedCookiesToResponse->handle()
#32 /www/wwwroot/pepe2.0/vendor/laravel/framework/src/Illuminate/Cookie/Middleware/EncryptCookies.php(67): Illuminate\\Pipeline\\Pipeline->Illuminate\\Pipeline\\{closure}()
#33 /www/wwwroot/pepe2.0/vendor/laravel/framework/src/Illuminate/Pipeline/Pipeline.php(171): Illuminate\\Cookie\\Middleware\\EncryptCookies->handle()
#34 /www/wwwroot/pepe2.0/vendor/dcat/laravel-admin/src/Http/Middleware/Application.php(15): Illuminate\\Pipeline\\Pipeline->Illuminate\\Pipeline\\{closure}()
#35 /www/wwwroot/pepe2.0/vendor/laravel/framework/src/Illuminate/Pipeline/Pipeline.php(171): Dcat\\Admin\\Http\\Middleware\\Application->handle()
#36 /www/wwwroot/pepe2.0/vendor/laravel/framework/src/Illuminate/Pipeline/Pipeline.php(105): Illuminate\\Pipeline\\Pipeline->Illuminate\\Pipeline\\{closure}()
#37 /www/wwwroot/pepe2.0/vendor/laravel/framework/src/Illuminate/Routing/Router.php(683): Illuminate\\Pipeline\\Pipeline->then()
#38 /www/wwwroot/pepe2.0/vendor/laravel/framework/src/Illuminate/Routing/Router.php(658): Illuminate\\Routing\\Router->runRouteWithinStack()
#39 /www/wwwroot/pepe2.0/vendor/laravel/framework/src/Illuminate/Routing/Router.php(624): Illuminate\\Routing\\Router->runRoute()
#40 /www/wwwroot/pepe2.0/vendor/laravel/framework/src/Illuminate/Routing/Router.php(613): Illuminate\\Routing\\Router->dispatchToRoute()
#41 /www/wwwroot/pepe2.0/vendor/laravel/framework/src/Illuminate/Foundation/Http/Kernel.php(170): Illuminate\\Routing\\Router->dispatch()
#42 /www/wwwroot/pepe2.0/vendor/laravel/framework/src/Illuminate/Pipeline/Pipeline.php(130): Illuminate\\Foundation\\Http\\Kernel->Illuminate\\Foundation\\Http\\{closure}()
#43 /www/wwwroot/pepe2.0/vendor/fruitcake/laravel-cors/src/HandleCors.php(38): Illuminate\\Pipeline\\Pipeline->Illuminate\\Pipeline\\{closure}()
#44 /www/wwwroot/pepe2.0/vendor/laravel/framework/src/Illuminate/Pipeline/Pipeline.php(171): Fruitcake\\Cors\\HandleCors->handle()
#45 /www/wwwroot/pepe2.0/vendor/laravel/framework/src/Illuminate/Foundation/Http/Middleware/TransformsRequest.php(21): Illuminate\\Pipeline\\Pipeline->Illuminate\\Pipeline\\{closure}()
#46 /www/wwwroot/pepe2.0/vendor/laravel/framework/src/Illuminate/Pipeline/Pipeline.php(171): Illuminate\\Foundation\\Http\\Middleware\\TransformsRequest->handle()
#47 /www/wwwroot/pepe2.0/vendor/laravel/framework/src/Illuminate/Foundation/Http/Middleware/TransformsRequest.php(21): Illuminate\\Pipeline\\Pipeline->Illuminate\\Pipeline\\{closure}()
#48 /www/wwwroot/pepe2.0/vendor/laravel/framework/src/Illuminate/Pipeline/Pipeline.php(171): Illuminate\\Foundation\\Http\\Middleware\\TransformsRequest->handle()
#49 /www/wwwroot/pepe2.0/vendor/laravel/framework/src/Illuminate/Foundation/Http/Middleware/ValidatePostSize.php(27): Illuminate\\Pipeline\\Pipeline->Illuminate\\Pipeline\\{closure}()
#50 /www/wwwroot/pepe2.0/vendor/laravel/framework/src/Illuminate/Pipeline/Pipeline.php(171): Illuminate\\Foundation\\Http\\Middleware\\ValidatePostSize->handle()
#51 /www/wwwroot/pepe2.0/vendor/laravel/framework/src/Illuminate/Foundation/Http/Middleware/CheckForMaintenanceMode.php(63): Illuminate\\Pipeline\\Pipeline->Illuminate\\Pipeline\\{closure}()
#52 /www/wwwroot/pepe2.0/vendor/laravel/framework/src/Illuminate/Pipeline/Pipeline.php(171): Illuminate\\Foundation\\Http\\Middleware\\CheckForMaintenanceMode->handle()
#53 /www/wwwroot/pepe2.0/vendor/fideloper/proxy/src/TrustProxies.php(57): Illuminate\\Pipeline\\Pipeline->Illuminate\\Pipeline\\{closure}()
#54 /www/wwwroot/pepe2.0/vendor/laravel/framework/src/Illuminate/Pipeline/Pipeline.php(171): Fideloper\\Proxy\\TrustProxies->handle()
#55 /www/wwwroot/pepe2.0/vendor/laravel/framework/src/Illuminate/Pipeline/Pipeline.php(105): Illuminate\\Pipeline\\Pipeline->Illuminate\\Pipeline\\{closure}()
#56 /www/wwwroot/pepe2.0/vendor/laravel/framework/src/Illuminate/Foundation/Http/Kernel.php(145): Illuminate\\Pipeline\\Pipeline->then()
#57 /www/wwwroot/pepe2.0/vendor/laravel/framework/src/Illuminate/Foundation/Http/Kernel.php(110): Illuminate\\Foundation\\Http\\Kernel->sendRequestThroughRouter()
#58 /www/wwwroot/pepe2.0/public/index.php(55): Illuminate\\Foundation\\Http\\Kernel->handle()
#59 {main}
"} 
[2025-08-19 15:14:38] local.ERROR: Trying to access array offset on value of type null {"exception":"[object] (ErrorException(code: 0): Trying to access array offset on value of type null at /www/wwwroot/pepe2.0/app/Admin/Forms/PepeRechargeForm.php:62)
[stacktrace]
#0 /www/wwwroot/pepe2.0/app/Admin/Forms/PepeRechargeForm.php(62): Illuminate\\Foundation\\Bootstrap\\HandleExceptions->handleError()
#1 /www/wwwroot/pepe2.0/vendor/dcat/laravel-admin/src/Widgets/Form.php(832): App\\Admin\\Forms\\PepeRechargeForm->form()
#2 /www/wwwroot/pepe2.0/vendor/dcat/laravel-admin/src/Widgets/Form.php(861): Dcat\\Admin\\Widgets\\Form->prepareForm()
#3 /www/wwwroot/pepe2.0/vendor/dcat/laravel-admin/src/Http/Controllers/RenderableController.php(29): Dcat\\Admin\\Widgets\\Form->render()
#4 /www/wwwroot/pepe2.0/vendor/dcat/laravel-admin/src/Http/Controllers/RenderableController.php(22): Dcat\\Admin\\Http\\Controllers\\RenderableController->render()
#5 /www/wwwroot/pepe2.0/vendor/laravel/framework/src/Illuminate/Routing/ControllerDispatcher.php(48): Dcat\\Admin\\Http\\Controllers\\RenderableController->handle()
#6 /www/wwwroot/pepe2.0/vendor/laravel/framework/src/Illuminate/Routing/Route.php(219): Illuminate\\Routing\\ControllerDispatcher->dispatch()
#7 /www/wwwroot/pepe2.0/vendor/laravel/framework/src/Illuminate/Routing/Route.php(176): Illuminate\\Routing\\Route->runController()
#8 /www/wwwroot/pepe2.0/vendor/laravel/framework/src/Illuminate/Routing/Router.php(681): Illuminate\\Routing\\Route->run()
#9 /www/wwwroot/pepe2.0/vendor/laravel/framework/src/Illuminate/Pipeline/Pipeline.php(130): Illuminate\\Routing\\Router->Illuminate\\Routing\\{closure}()
#10 /www/wwwroot/pepe2.0/vendor/dcat/laravel-admin/src/Http/Middleware/WebUploader.php(22): Illuminate\\Pipeline\\Pipeline->Illuminate\\Pipeline\\{closure}()
#11 /www/wwwroot/pepe2.0/vendor/laravel/framework/src/Illuminate/Pipeline/Pipeline.php(171): Dcat\\Admin\\Http\\Middleware\\WebUploader->handle()
#12 /www/wwwroot/pepe2.0/vendor/dcat/laravel-admin/src/Http/Middleware/Session.php(12): Illuminate\\Pipeline\\Pipeline->Illuminate\\Pipeline\\{closure}()
#13 /www/wwwroot/pepe2.0/vendor/laravel/framework/src/Illuminate/Pipeline/Pipeline.php(171): Dcat\\Admin\\Http\\Middleware\\Session->handle()
#14 /www/wwwroot/pepe2.0/vendor/dcat/laravel-admin/src/Http/Middleware/Permission.php(39): Illuminate\\Pipeline\\Pipeline->Illuminate\\Pipeline\\{closure}()
#15 /www/wwwroot/pepe2.0/vendor/laravel/framework/src/Illuminate/Pipeline/Pipeline.php(171): Dcat\\Admin\\Http\\Middleware\\Permission->handle()
#16 /www/wwwroot/pepe2.0/vendor/dcat/laravel-admin/src/Http/Middleware/Bootstrap.php(19): Illuminate\\Pipeline\\Pipeline->Illuminate\\Pipeline\\{closure}()
#17 /www/wwwroot/pepe2.0/vendor/laravel/framework/src/Illuminate/Pipeline/Pipeline.php(171): Dcat\\Admin\\Http\\Middleware\\Bootstrap->handle()
#18 /www/wwwroot/pepe2.0/vendor/dcat/laravel-admin/src/Http/Middleware/Pjax.php(22): Illuminate\\Pipeline\\Pipeline->Illuminate\\Pipeline\\{closure}()
#19 /www/wwwroot/pepe2.0/vendor/laravel/framework/src/Illuminate/Pipeline/Pipeline.php(171): Dcat\\Admin\\Http\\Middleware\\Pjax->handle()
#20 /www/wwwroot/pepe2.0/vendor/dcat/laravel-admin/src/Http/Middleware/Authenticate.php(26): Illuminate\\Pipeline\\Pipeline->Illuminate\\Pipeline\\{closure}()
#21 /www/wwwroot/pepe2.0/vendor/laravel/framework/src/Illuminate/Pipeline/Pipeline.php(171): Dcat\\Admin\\Http\\Middleware\\Authenticate->handle()
#22 /www/wwwroot/pepe2.0/vendor/laravel/framework/src/Illuminate/Routing/Middleware/SubstituteBindings.php(41): Illuminate\\Pipeline\\Pipeline->Illuminate\\Pipeline\\{closure}()
#23 /www/wwwroot/pepe2.0/vendor/laravel/framework/src/Illuminate/Pipeline/Pipeline.php(171): Illuminate\\Routing\\Middleware\\SubstituteBindings->handle()
#24 /www/wwwroot/pepe2.0/vendor/laravel/framework/src/Illuminate/Foundation/Http/Middleware/VerifyCsrfToken.php(78): Illuminate\\Pipeline\\Pipeline->Illuminate\\Pipeline\\{closure}()
#25 /www/wwwroot/pepe2.0/vendor/laravel/framework/src/Illuminate/Pipeline/Pipeline.php(171): Illuminate\\Foundation\\Http\\Middleware\\VerifyCsrfToken->handle()
#26 /www/wwwroot/pepe2.0/vendor/laravel/framework/src/Illuminate/View/Middleware/ShareErrorsFromSession.php(49): Illuminate\\Pipeline\\Pipeline->Illuminate\\Pipeline\\{closure}()
#27 /www/wwwroot/pepe2.0/vendor/laravel/framework/src/Illuminate/Pipeline/Pipeline.php(171): Illuminate\\View\\Middleware\\ShareErrorsFromSession->handle()
#28 /www/wwwroot/pepe2.0/vendor/laravel/framework/src/Illuminate/Session/Middleware/StartSession.php(56): Illuminate\\Pipeline\\Pipeline->Illuminate\\Pipeline\\{closure}()
#29 /www/wwwroot/pepe2.0/vendor/laravel/framework/src/Illuminate/Pipeline/Pipeline.php(171): Illuminate\\Session\\Middleware\\StartSession->handle()
#30 /www/wwwroot/pepe2.0/vendor/laravel/framework/src/Illuminate/Cookie/Middleware/AddQueuedCookiesToResponse.php(37): Illuminate\\Pipeline\\Pipeline->Illuminate\\Pipeline\\{closure}()
#31 /www/wwwroot/pepe2.0/vendor/laravel/framework/src/Illuminate/Pipeline/Pipeline.php(171): Illuminate\\Cookie\\Middleware\\AddQueuedCookiesToResponse->handle()
#32 /www/wwwroot/pepe2.0/vendor/laravel/framework/src/Illuminate/Cookie/Middleware/EncryptCookies.php(67): Illuminate\\Pipeline\\Pipeline->Illuminate\\Pipeline\\{closure}()
#33 /www/wwwroot/pepe2.0/vendor/laravel/framework/src/Illuminate/Pipeline/Pipeline.php(171): Illuminate\\Cookie\\Middleware\\EncryptCookies->handle()
#34 /www/wwwroot/pepe2.0/vendor/dcat/laravel-admin/src/Http/Middleware/Application.php(15): Illuminate\\Pipeline\\Pipeline->Illuminate\\Pipeline\\{closure}()
#35 /www/wwwroot/pepe2.0/vendor/laravel/framework/src/Illuminate/Pipeline/Pipeline.php(171): Dcat\\Admin\\Http\\Middleware\\Application->handle()
#36 /www/wwwroot/pepe2.0/vendor/laravel/framework/src/Illuminate/Pipeline/Pipeline.php(105): Illuminate\\Pipeline\\Pipeline->Illuminate\\Pipeline\\{closure}()
#37 /www/wwwroot/pepe2.0/vendor/laravel/framework/src/Illuminate/Routing/Router.php(683): Illuminate\\Pipeline\\Pipeline->then()
#38 /www/wwwroot/pepe2.0/vendor/laravel/framework/src/Illuminate/Routing/Router.php(658): Illuminate\\Routing\\Router->runRouteWithinStack()
#39 /www/wwwroot/pepe2.0/vendor/laravel/framework/src/Illuminate/Routing/Router.php(624): Illuminate\\Routing\\Router->runRoute()
#40 /www/wwwroot/pepe2.0/vendor/laravel/framework/src/Illuminate/Routing/Router.php(613): Illuminate\\Routing\\Router->dispatchToRoute()
#41 /www/wwwroot/pepe2.0/vendor/laravel/framework/src/Illuminate/Foundation/Http/Kernel.php(170): Illuminate\\Routing\\Router->dispatch()
#42 /www/wwwroot/pepe2.0/vendor/laravel/framework/src/Illuminate/Pipeline/Pipeline.php(130): Illuminate\\Foundation\\Http\\Kernel->Illuminate\\Foundation\\Http\\{closure}()
#43 /www/wwwroot/pepe2.0/vendor/fruitcake/laravel-cors/src/HandleCors.php(38): Illuminate\\Pipeline\\Pipeline->Illuminate\\Pipeline\\{closure}()
#44 /www/wwwroot/pepe2.0/vendor/laravel/framework/src/Illuminate/Pipeline/Pipeline.php(171): Fruitcake\\Cors\\HandleCors->handle()
#45 /www/wwwroot/pepe2.0/vendor/laravel/framework/src/Illuminate/Foundation/Http/Middleware/TransformsRequest.php(21): Illuminate\\Pipeline\\Pipeline->Illuminate\\Pipeline\\{closure}()
#46 /www/wwwroot/pepe2.0/vendor/laravel/framework/src/Illuminate/Pipeline/Pipeline.php(171): Illuminate\\Foundation\\Http\\Middleware\\TransformsRequest->handle()
#47 /www/wwwroot/pepe2.0/vendor/laravel/framework/src/Illuminate/Foundation/Http/Middleware/TransformsRequest.php(21): Illuminate\\Pipeline\\Pipeline->Illuminate\\Pipeline\\{closure}()
#48 /www/wwwroot/pepe2.0/vendor/laravel/framework/src/Illuminate/Pipeline/Pipeline.php(171): Illuminate\\Foundation\\Http\\Middleware\\TransformsRequest->handle()
#49 /www/wwwroot/pepe2.0/vendor/laravel/framework/src/Illuminate/Foundation/Http/Middleware/ValidatePostSize.php(27): Illuminate\\Pipeline\\Pipeline->Illuminate\\Pipeline\\{closure}()
#50 /www/wwwroot/pepe2.0/vendor/laravel/framework/src/Illuminate/Pipeline/Pipeline.php(171): Illuminate\\Foundation\\Http\\Middleware\\ValidatePostSize->handle()
#51 /www/wwwroot/pepe2.0/vendor/laravel/framework/src/Illuminate/Foundation/Http/Middleware/CheckForMaintenanceMode.php(63): Illuminate\\Pipeline\\Pipeline->Illuminate\\Pipeline\\{closure}()
#52 /www/wwwroot/pepe2.0/vendor/laravel/framework/src/Illuminate/Pipeline/Pipeline.php(171): Illuminate\\Foundation\\Http\\Middleware\\CheckForMaintenanceMode->handle()
#53 /www/wwwroot/pepe2.0/vendor/fideloper/proxy/src/TrustProxies.php(57): Illuminate\\Pipeline\\Pipeline->Illuminate\\Pipeline\\{closure}()
#54 /www/wwwroot/pepe2.0/vendor/laravel/framework/src/Illuminate/Pipeline/Pipeline.php(171): Fideloper\\Proxy\\TrustProxies->handle()
#55 /www/wwwroot/pepe2.0/vendor/laravel/framework/src/Illuminate/Pipeline/Pipeline.php(105): Illuminate\\Pipeline\\Pipeline->Illuminate\\Pipeline\\{closure}()
#56 /www/wwwroot/pepe2.0/vendor/laravel/framework/src/Illuminate/Foundation/Http/Kernel.php(145): Illuminate\\Pipeline\\Pipeline->then()
#57 /www/wwwroot/pepe2.0/vendor/laravel/framework/src/Illuminate/Foundation/Http/Kernel.php(110): Illuminate\\Foundation\\Http\\Kernel->sendRequestThroughRouter()
#58 /www/wwwroot/pepe2.0/public/index.php(55): Illuminate\\Foundation\\Http\\Kernel->handle()
#59 {main}
"} 
